2017-03-27 22:59:44.0990|INFO|WebAPI.Helpers.NLogger|JSON
Method: GET
URL: http://localhost:57377/api/company/1002
Token: e64e2acb-a66a-4ab4-aba2-821d3ad79bdc
Controller : WebAPI.Controllers.CompanyController
Action : Get
Action Parameters : {"messageFormat":"JSON","messageArguments":[{"id":1002}]}

2017-03-27 23:01:30.8460|INFO|WebAPI.Helpers.NLogger|JSON
Method: GET
URL: http://localhost:57377/api/company/1002
Token: e64e2acb-a66a-4ab4-aba2-821d3ad79bdc
Controller : WebAPI.Controllers.CompanyController
Action : Get
Action Parameters : {"messageFormat":"JSON","messageArguments":[{"id":1002}]}

2017-03-27 23:04:21.6415|INFO|WebAPI.Helpers.NLogger|JSON
Method: POST
URL: http://localhost:57377/api/authenticate
Controller : WebAPI.Controllers.AuthenticateController
Action : Authenticate
Action Parameters : {"messageFormat":"JSON","messageArguments":[{}]}

2017-03-27 23:12:41.9005|INFO|WebAPI.Helpers.NLogger|JSON
Method: GET
URL: http://localhost:57377/api/company/1002
Token: db9498e2-d832-444f-803a-2fdfe09279fd
Controller : WebAPI.Controllers.CompanyController
Action : Get
Action Parameters : {"messageFormat":"JSON","messageArguments":[{"id":1002}]}

2017-03-27 23:29:51.1320|INFO|WebAPI.Helpers.NLogger|JSON
Method: GET
URL: http://localhost:57377/api/company/1002
Controller : WebAPI.Controllers.CompanyController
Action : Get
Action Parameters : {"messageFormat":"JSON","messageArguments":[{"id":1002}]}

2017-03-27 23:30:23.5150|INFO|WebAPI.Helpers.NLogger|JSON
Method: GET
URL: http://localhost:57377/api/company/1002
Controller : WebAPI.Controllers.CompanyController
Action : Get
Action Parameters : {"messageFormat":"JSON","messageArguments":[{"id":1002}]}

