2017-02-18 00:28:44.5220|INFO|WebAPI.Helpers.NLogger|JSON
Method: POST
URL: http://localhost:57377/api/product/5
Controller : WebAPI.Controllers.ProductController
Action : Post
Action Parameters : {"messageFormat":"JSON","messageArguments":[{"productEntity":null}]}

2017-02-18 00:31:51.0640|INFO|WebAPI.Helpers.NLogger|JSON
Method: POST
URL: http://localhost:57377/api/authenticate
Controller : WebAPI.Controllers.AuthenticateController
Action : Authenticate
Action Parameters : {"messageFormat":"JSON","messageArguments":[{}]}

2017-02-18 08:41:41.6080|INFO|WebAPI.Helpers.NLogger|JSON
Method: GET
URL: http://localhost:57377/api/product
Controller : WebAPI.Controllers.ProductController
Action : Get
Action Parameters : {"messageFormat":"JSON","messageArguments":[{}]}

2017-02-18 10:56:08.7250|INFO|WebAPI.Helpers.NLogger|JSON
Method: POST
URL: http://localhost:57377/api/authenticate
Controller : WebAPI.Controllers.AuthenticateController
Action : Authenticate
Action Parameters : {"messageFormat":"JSON","messageArguments":[{}]}

2017-02-18 11:00:02.6920|INFO|WebAPI.Helpers.NLogger|JSON
Method: GET
URL: http://localhost:57377/api/product/5
Token: 3f639966-12a3-4e81-9b02-0b4c0251d24e
Controller : WebAPI.Controllers.ProductController
Action : Get
Action Parameters : {"messageFormat":"JSON","messageArguments":[{"id":5}]}

2017-02-18 13:01:32.5310|INFO|WebAPI.Helpers.NLogger|JSON
Method: POST
URL: http://localhost:57377/api/authenticate
Controller : WebAPI.Controllers.AuthenticateController
Action : Authenticate
Action Parameters : {"messageFormat":"JSON","messageArguments":[{}]}

2017-02-18 20:57:13.5870|INFO|WebAPI.Helpers.NLogger|JSON
Method: GET
URL: http://localhost:57377/api/product/1
Controller : WebAPI.Controllers.ProductController
Action : Get
Action Parameters : {"messageFormat":"JSON","messageArguments":[{"id":1}]}

2017-02-18 20:59:04.8705|INFO|WebAPI.Helpers.NLogger|JSON
Method: POST
URL: http://localhost:57377/api/authenticate
Controller : WebAPI.Controllers.AuthenticateController
Action : Authenticate
Action Parameters : {"messageFormat":"JSON","messageArguments":[{}]}

2017-02-18 20:59:23.9905|INFO|WebAPI.Helpers.NLogger|JSON
Method: GET
URL: http://localhost:57377/api/product/5
Token: 41d08541-10cc-4269-9004-cfdfe821a69c
Controller : WebAPI.Controllers.ProductController
Action : Get
Action Parameters : {"messageFormat":"JSON","messageArguments":[{"id":5}]}

2017-02-18 21:50:54.3515|INFO|WebAPI.Helpers.NLogger|JSON
Method: GET
URL: http://testservice.com/api/product/5
Token: 41d08541-10cc-4269-9004-cfdfe821a69c
Controller : WebAPI.Controllers.ProductController
Action : Get
Action Parameters : {"messageFormat":"JSON","messageArguments":[{"id":5}]}

