2017-02-17 18:03:24.6520|INFO|WebAPI.Helpers.NLogger|JSON
Method: GET
URL: http://localhost:57377/api/product
Token: 3f639966-12a3-4e81-9b02-0b4c0251d24e
Controller : WebAPI.Controllers.ProductController
Action : Get
Action Parameters : {"messageFormat":"JSON","messageArguments":[{}]}

2017-02-17 18:03:31.7810|INFO|WebAPI.Helpers.NLogger|JSON
Method: GET
URL: http://localhost:57377/api/product/1
Token: 3f639966-12a3-4e81-9b02-0b4c0251d24e
Controller : WebAPI.Controllers.ProductController
Action : Get
Action Parameters : {"messageFormat":"JSON","messageArguments":[{"id":1}]}

2017-02-17 18:04:11.9010|INFO|WebAPI.Helpers.NLogger|JSON
Method: GET
URL: http://localhost:57377/api/product/10
Token: 3f639966-12a3-4e81-9b02-0b4c0251d24e
Controller : WebAPI.Controllers.ProductController
Action : Get
Action Parameters : {"messageFormat":"JSON","messageArguments":[{"id":10}]}

2017-02-17 18:05:43.5260|INFO|WebAPI.Helpers.NLogger|JSON
Method: GET
URL: http://localhost:57377/api/product/5
Token: 3f639966-12a3-4e81-9b02-0b4c0251d24e
Controller : WebAPI.Controllers.ProductController
Action : Get
Action Parameters : {"messageFormat":"JSON","messageArguments":[{"id":5}]}

