2017-03-01 01:33:11.7690|INFO|WebAPI.Helpers.NLogger|JSON
Method: GET
URL: http://localhost:57377/api/company/1002
Token: e64e2acb-a66a-4ab4-aba2-821d3ad79bdc
Controller : WebAPI.Controllers.CompanyController
Action : Get
Action Parameters : {"messageFormat":"JSON","messageArguments":[{"id":1002}]}

2017-03-01 01:35:30.7935|INFO|WebAPI.Helpers.NLogger|JSON
Method: GET
URL: http://localhost:57377/api/company/1002
Token: e64e2acb-a66a-4ab4-aba2-821d3ad79bdc
Controller : WebAPI.Controllers.CompanyController
Action : Get
Action Parameters : {"messageFormat":"JSON","messageArguments":[{"id":1002}]}

2017-03-01 01:37:38.1380|INFO|WebAPI.Helpers.NLogger|JSON
Method: GET
URL: http://localhost:57377/api/company/1002
Token: e64e2acb-a66a-4ab4-aba2-821d3ad79bdc
Controller : WebAPI.Controllers.CompanyController
Action : Get
Action Parameters : {"messageFormat":"JSON","messageArguments":[{"id":1002}]}

2017-03-01 01:39:47.5385|INFO|WebAPI.Helpers.NLogger|JSON
Method: GET
URL: http://localhost:57377/api/company/1002
Token: e64e2acb-a66a-4ab4-aba2-821d3ad79bdc
Controller : WebAPI.Controllers.CompanyController
Action : Get
Action Parameters : {"messageFormat":"JSON","messageArguments":[{"id":1002}]}

2017-03-01 01:53:06.2875|INFO|WebAPI.Helpers.NLogger|JSON
Method: GET
URL: http://localhost:57377/api/company/1002
Token: e64e2acb-a66a-4ab4-aba2-821d3ad79bdc
Controller : WebAPI.Controllers.CompanyController
Action : Get
Action Parameters : {"messageFormat":"JSON","messageArguments":[{"id":1002}]}

2017-03-01 12:36:56.3040|INFO|WebAPI.Helpers.NLogger|JSON
Method: GET
URL: http://localhost:57377/api/company/1002
Token: e64e2acb-a66a-4ab4-aba2-821d3ad79bdc
Controller : WebAPI.Controllers.CompanyController
Action : Get
Action Parameters : {"messageFormat":"JSON","messageArguments":[{"id":1002}]}

2017-03-01 13:02:28.5480|INFO|WebAPI.Helpers.NLogger|JSON
Method: GET
URL: http://localhost:57377/api/company/1002
Token: e64e2acb-a66a-4ab4-aba2-821d3ad79bdc
Controller : WebAPI.Controllers.CompanyController
Action : Get
Action Parameters : {"messageFormat":"JSON","messageArguments":[{"id":1002}]}

